0 info it worked if it ends with ok
1 verbose cli [ 'D:\\nodejs\\node.exe',
1 verbose cli   'D:\\nodejs\\node_modules\\npm\\bin\\npm-cli.js',
1 verbose cli   'run',
1 verbose cli   'dev' ]
2 info using npm@3.10.10
3 info using node@v6.10.1
4 verbose run-script [ 'predev', 'dev', 'postdev' ]
5 info lifecycle webpack-demo@1.0.0~predev: webpack-demo@1.0.0
6 silly lifecycle webpack-demo@1.0.0~predev: no script for predev, continuing
7 info lifecycle webpack-demo@1.0.0~dev: webpack-demo@1.0.0
8 verbose lifecycle webpack-demo@1.0.0~dev: unsafe-perm in lifecycle true
9 verbose lifecycle webpack-demo@1.0.0~dev: PATH: D:\nodejs\node_modules\npm\bin\node-gyp-bin;E:\webpack-demo\node_modules\.bin;D:\Python\Scripts\;D:\Python\;C:\ProgramData\Oracle\Java\javapath;C:\Windows\system32;C:\Windows;C:\Windows\System32\Wbem;C:\Windows\System32\WindowsPowerShell\v1.0\;C:\Program Files (x86)\ATI Technologies\ATI.ACE\Core-Static;D:\wamp64\bin\mysql\mysql5.7.14\bin;D:\java\jdk\bin;D:\java\jdk\jre\bin;D:\Git\cmd;D:\TortoiseGit\bin;D:\nodejs\;D:\Ruby\bin;C:\Users\longh\AppData\Local\Microsoft\WindowsApps;D:\wamp64\bin\mysql\mysql5.7.14\bin;C:\Users\longh\AppData\Roaming\npm
10 verbose lifecycle webpack-demo@1.0.0~dev: CWD: E:\webpack-demo
11 silly lifecycle webpack-demo@1.0.0~dev: Args: [ '/d /s /c',
11 silly lifecycle   'webpack-dev-server --devtool eval --progress --content-base build --hot' ]
12 silly lifecycle webpack-demo@1.0.0~dev: Returned: code: 3221225786  signal: null
13 info lifecycle webpack-demo@1.0.0~dev: Failed to exec dev script
14 verbose stack Error: webpack-demo@1.0.0 dev: `webpack-dev-server --devtool eval --progress --content-base build --hot`
14 verbose stack Exit status 3221225786
14 verbose stack     at EventEmitter.<anonymous> (D:\nodejs\node_modules\npm\lib\utils\lifecycle.js:255:16)
14 verbose stack     at emitTwo (events.js:106:13)
14 verbose stack     at EventEmitter.emit (events.js:191:7)
14 verbose stack     at ChildProcess.<anonymous> (D:\nodejs\node_modules\npm\lib\utils\spawn.js:40:14)
14 verbose stack     at emitTwo (events.js:106:13)
14 verbose stack     at ChildProcess.emit (events.js:191:7)
14 verbose stack     at maybeClose (internal/child_process.js:886:16)
14 verbose stack     at Process.ChildProcess._handle.onexit (internal/child_process.js:226:5)
15 verbose pkgid webpack-demo@1.0.0
16 verbose cwd E:\webpack-demo
17 error Windows_NT 10.0.14393
18 error argv "D:\\nodejs\\node.exe" "D:\\nodejs\\node_modules\\npm\\bin\\npm-cli.js" "run" "dev"
19 error node v6.10.1
20 error npm  v3.10.10
21 error code ELIFECYCLE
22 error webpack-demo@1.0.0 dev: `webpack-dev-server --devtool eval --progress --content-base build --hot`
22 error Exit status 3221225786
23 error Failed at the webpack-demo@1.0.0 dev script 'webpack-dev-server --devtool eval --progress --content-base build --hot'.
23 error Make sure you have the latest version of node.js and npm installed.
23 error If you do, this is most likely a problem with the webpack-demo package,
23 error not with npm itself.
23 error Tell the author that this fails on your system:
23 error     webpack-dev-server --devtool eval --progress --content-base build --hot
23 error You can get information on how to open an issue for this project with:
23 error     npm bugs webpack-demo
23 error Or if that isn't available, you can get their info via:
23 error     npm owner ls webpack-demo
23 error There is likely additional logging output above.
24 verbose exit [ 1, true ]
